TN:
SF:src\inMemoryBackend.ts
FN:28,(anonymous_0)
FN:33,(anonymous_1)
FN:56,(anonymous_2)
FN:74,(anonymous_3)
FN:82,(anonymous_4)
FNF:5
FNH:5
FNDA:10,(anonymous_0)
FNDA:22,(anonymous_1)
FNDA:10,(anonymous_2)
FNDA:2,(anonymous_3)
FNDA:9,(anonymous_4)
DA:2,1
DA:4,1
DA:25,1
DA:29,10
DA:30,10
DA:34,22
DA:35,22
DA:37,22
DA:38,66
DA:40,66
DA:42,195
DA:45,195
DA:48,195
DA:51,195
DA:57,10
DA:58,10
DA:61,10
DA:64,10
DA:66,10
DA:68,8
DA:71,10
DA:75,2
DA:76,2
DA:77,2
DA:78,2
DA:79,2
DA:83,9
DA:87,1
LF:28
LH:28
BRDA:42,0,0,195
BRDA:42,0,1,141
BRDA:45,1,0,66
BRDA:45,1,1,129
BRDA:66,2,0,8
BRF:5
BRH:5
end_of_record
TN:
SF:src\utils\dates.ts
FN:1,getCurrentYearMonth
FN:6,(anonymous_1)
FNF:2
FNH:2
FNDA:6,getCurrentYearMonth
FNDA:4,(anonymous_1)
DA:1,1
DA:2,6
DA:3,6
DA:6,1
DA:7,4
DA:8,4
DA:9,4
LF:7
LH:7
BRF:0
BRH:0
end_of_record
